<?xml version="1.0" encoding="UTF-8"?>
<!-- Generated by org.testng.reporters.JUnitXMLReporter -->
<testsuite ignored="0" hostname="DESKTOP-8O090AG" failures="1" tests="2" name="Test" time="6.305" errors="0" timestamp="2021-04-01T14:11:50 IST">
  <testcase classname="com.htc.madison.tests.LoginTest" name="Valid_And_Invalid_Login" time="2.133"/>
  <testcase classname="com.htc.madison.tests.LoginTest" name="Valid_And_Invalid_Login" time="1.829">
    <failure type="java.lang.AssertionError" message="expected [MY DASHBOARD
] but found [LOGIN OR CREATE AN ACCOUNT]">
      <![CDATA[java.lang.AssertionError: expected [MY DASHBOARD
] but found [LOGIN OR CREATE AN ACCOUNT]
at com.htc.madison.tests.LoginTest.Valid_And_Invalid_Login(LoginTest.java:21)
at java.base/java.util.ArrayList.forEach(ArrayList.java:1541)
... Removed 33 stack frames]]>
    </failure>
  </testcase> <!-- Valid_And_Invalid_Login -->
</testsuite> <!-- Test -->
